2022-04-08 22:11:52,118 INFO [main] o.a.n.b.NotificationServiceManager Successfully loaded the following 0 services: []
2022-04-08 22:11:52,121 INFO [main] org.apache.nifi.bootstrap.RunNiFi Registered no Notification Services for Notification Type NIFI_STARTED
2022-04-08 22:11:52,121 INFO [main] org.apache.nifi.bootstrap.RunNiFi Registered no Notification Services for Notification Type NIFI_STOPPED
2022-04-08 22:11:52,121 INFO [main] org.apache.nifi.bootstrap.RunNiFi Registered no Notification Services for Notification Type NIFI_DIED
2022-04-08 22:11:52,129 INFO [main] org.apache.nifi.bootstrap.RunNiFi Runtime Java version: 1.8.0_322
2022-04-08 22:11:52,154 INFO [main] org.apache.nifi.bootstrap.Command Generating Self-Signed Certificate: Expires on 2022-06-07
2022-04-08 22:11:54,507 INFO [main] org.apache.nifi.bootstrap.Command Generated Self-Signed Certificate SHA-256: 0F5FB822427500C234BBB8E4B266CEF194772C1E2E00D48A1519DB524451A59E
2022-04-08 22:11:54,523 INFO [main] org.apache.nifi.bootstrap.Command Starting Apache NiFi...
2022-04-08 22:11:54,523 INFO [main] org.apache.nifi.bootstrap.Command Working Directory: /opt/nifi/nifi-current
2022-04-08 22:11:54,523 INFO [main] org.apache.nifi.bootstrap.Command Command: /usr/local/openjdk-8/bin/java -classpath /opt/nifi/nifi-current/./conf:/opt/nifi/nifi-current/./lib/nifi-framework-api-1.16.0.jar:/opt/nifi/nifi-current/./lib/jcl-over-slf4j-1.7.36.jar:/opt/nifi/nifi-current/./lib/slf4j-api-1.7.36.jar:/opt/nifi/nifi-current/./lib/nifi-api-1.16.0.jar:/opt/nifi/nifi-current/./lib/nifi-runtime-1.16.0.jar:/opt/nifi/nifi-current/./lib/nifi-stateless-api-1.16.0.jar:/opt/nifi/nifi-current/./lib/nifi-properties-1.16.0.jar:/opt/nifi/nifi-current/./lib/nifi-server-api-1.16.0.jar:/opt/nifi/nifi-current/./lib/jetty-schemas-5.2.jar:/opt/nifi/nifi-current/./lib/javax.servlet-api-3.1.0.jar:/opt/nifi/nifi-current/./lib/logback-core-1.2.11.jar:/opt/nifi/nifi-current/./lib/jul-to-slf4j-1.7.36.jar:/opt/nifi/nifi-current/./lib/nifi-property-utils-1.16.0.jar:/opt/nifi/nifi-current/./lib/logback-classic-1.2.11.jar:/opt/nifi/nifi-current/./lib/nifi-nar-utils-1.16.0.jar:/opt/nifi/nifi-current/./lib/log4j-over-slf4j-1.7.36.jar:/opt/nifi/nifi-current/./lib/nifi-stateless-bootstrap-1.16.0.jar:/opt/nifi/nifi-current/./lib/postgresql-42.3.3.jar -Dorg.apache.jasper.compiler.disablejsr199=true -Xmx512m -Xms512m -Dcurator-log-only-first-connection-issue-as-error-level=true -Djavax.security.auth.useSubjectCredsOnly=true -Djava.security.egd=file:/dev/urandom -Dzookeeper.admin.enableServer=false -Dsun.net.http.allowRestrictedHeaders=true -Djava.net.preferIPv4Stack=true -Djava.awt.headless=true -Djava.protocol.handler.pkgs=sun.net.www.protocol -Dnifi.properties.file.path=/opt/nifi/nifi-current/./conf/nifi.properties -Dnifi.bootstrap.listen.port=45751 -Dapp=NiFi -Dorg.apache.nifi.bootstrap.config.log.dir=/opt/nifi/nifi-current/logs org.apache.nifi.NiFi 
2022-04-08 22:11:54,596 INFO [main] org.apache.nifi.bootstrap.Command Launched Apache NiFi with Process ID 103
2022-04-08 22:11:55,742 INFO [NiFi Bootstrap Command Listener] org.apache.nifi.bootstrap.RunNiFi Apache NiFi now running and listening for Bootstrap requests on port 42333
2022-04-08 22:16:14,105 INFO [main] o.a.n.b.NotificationServiceManager Successfully loaded the following 0 services: []
2022-04-08 22:16:14,107 INFO [main] org.apache.nifi.bootstrap.RunNiFi Registered no Notification Services for Notification Type NIFI_STARTED
2022-04-08 22:16:14,107 INFO [main] org.apache.nifi.bootstrap.RunNiFi Registered no Notification Services for Notification Type NIFI_STOPPED
2022-04-08 22:16:14,107 INFO [main] org.apache.nifi.bootstrap.RunNiFi Registered no Notification Services for Notification Type NIFI_DIED
2022-04-08 22:16:14,115 INFO [main] org.apache.nifi.bootstrap.Command Apache NiFi has accepted the Shutdown Command and is shutting down now
2022-04-08 22:16:14,122 INFO [main] org.apache.nifi.bootstrap.Command NiFi PID [103] shutdown in progress...
2022-04-08 22:16:15,641 INFO [main] org.apache.nifi.bootstrap.RunNiFi A shutdown was initiated. Will not restart NiFi
2022-04-08 22:16:16,126 INFO [main] org.apache.nifi.bootstrap.Command NiFi PID [103] shutdown completed
2022-04-08 22:16:37,363 INFO [main] o.a.n.b.NotificationServiceManager Successfully loaded the following 0 services: []
2022-04-08 22:16:37,365 INFO [main] org.apache.nifi.bootstrap.RunNiFi Registered no Notification Services for Notification Type NIFI_STARTED
2022-04-08 22:16:37,365 INFO [main] org.apache.nifi.bootstrap.RunNiFi Registered no Notification Services for Notification Type NIFI_STOPPED
2022-04-08 22:16:37,365 INFO [main] org.apache.nifi.bootstrap.RunNiFi Registered no Notification Services for Notification Type NIFI_DIED
2022-04-08 22:16:37,376 INFO [main] org.apache.nifi.bootstrap.RunNiFi Runtime Java version: 1.8.0_322
2022-04-08 22:16:37,408 INFO [main] org.apache.nifi.bootstrap.Command Generating Self-Signed Certificate: Expires on 2022-06-07
2022-04-08 22:16:39,329 INFO [main] org.apache.nifi.bootstrap.Command Generated Self-Signed Certificate SHA-256: 6DBD121DF72FC694043434B8A6B0FA3FB1F7EC96EB20037F421124F014D2C2B0
2022-04-08 22:16:39,345 INFO [main] org.apache.nifi.bootstrap.Command Starting Apache NiFi...
2022-04-08 22:16:39,345 INFO [main] org.apache.nifi.bootstrap.Command Working Directory: /opt/nifi/nifi-current
2022-04-08 22:16:39,345 INFO [main] org.apache.nifi.bootstrap.Command Command: /usr/local/openjdk-8/bin/java -classpath /opt/nifi/nifi-current/./conf:/opt/nifi/nifi-current/./lib/nifi-framework-api-1.16.0.jar:/opt/nifi/nifi-current/./lib/jcl-over-slf4j-1.7.36.jar:/opt/nifi/nifi-current/./lib/slf4j-api-1.7.36.jar:/opt/nifi/nifi-current/./lib/nifi-api-1.16.0.jar:/opt/nifi/nifi-current/./lib/nifi-runtime-1.16.0.jar:/opt/nifi/nifi-current/./lib/nifi-stateless-api-1.16.0.jar:/opt/nifi/nifi-current/./lib/nifi-properties-1.16.0.jar:/opt/nifi/nifi-current/./lib/nifi-server-api-1.16.0.jar:/opt/nifi/nifi-current/./lib/jetty-schemas-5.2.jar:/opt/nifi/nifi-current/./lib/javax.servlet-api-3.1.0.jar:/opt/nifi/nifi-current/./lib/logback-core-1.2.11.jar:/opt/nifi/nifi-current/./lib/jul-to-slf4j-1.7.36.jar:/opt/nifi/nifi-current/./lib/nifi-property-utils-1.16.0.jar:/opt/nifi/nifi-current/./lib/logback-classic-1.2.11.jar:/opt/nifi/nifi-current/./lib/nifi-nar-utils-1.16.0.jar:/opt/nifi/nifi-current/./lib/log4j-over-slf4j-1.7.36.jar:/opt/nifi/nifi-current/./lib/nifi-stateless-bootstrap-1.16.0.jar:/opt/nifi/nifi-current/./lib/postgresql-42.3.3.jar -Dorg.apache.jasper.compiler.disablejsr199=true -Xmx512m -Xms512m -Dcurator-log-only-first-connection-issue-as-error-level=true -Djavax.security.auth.useSubjectCredsOnly=true -Djava.security.egd=file:/dev/urandom -Dzookeeper.admin.enableServer=false -Dsun.net.http.allowRestrictedHeaders=true -Djava.net.preferIPv4Stack=true -Djava.awt.headless=true -Djava.protocol.handler.pkgs=sun.net.www.protocol -Dnifi.properties.file.path=/opt/nifi/nifi-current/./conf/nifi.properties -Dnifi.bootstrap.listen.port=35775 -Dapp=NiFi -Dorg.apache.nifi.bootstrap.config.log.dir=/opt/nifi/nifi-current/logs org.apache.nifi.NiFi 
2022-04-08 22:16:39,375 INFO [main] org.apache.nifi.bootstrap.Command Launched Apache NiFi with Process ID 104
2022-04-08 22:16:40,298 INFO [NiFi Bootstrap Command Listener] org.apache.nifi.bootstrap.RunNiFi Apache NiFi now running and listening for Bootstrap requests on port 36063
2022-04-08 22:18:11,246 INFO [main] o.a.n.b.NotificationServiceManager Successfully loaded the following 0 services: []
2022-04-08 22:18:11,248 INFO [main] org.apache.nifi.bootstrap.RunNiFi Registered no Notification Services for Notification Type NIFI_STARTED
2022-04-08 22:18:11,248 INFO [main] org.apache.nifi.bootstrap.RunNiFi Registered no Notification Services for Notification Type NIFI_STOPPED
2022-04-08 22:18:11,248 INFO [main] org.apache.nifi.bootstrap.RunNiFi Registered no Notification Services for Notification Type NIFI_DIED
2022-04-08 22:18:11,262 INFO [main] org.apache.nifi.bootstrap.Command Apache NiFi has accepted the Shutdown Command and is shutting down now
2022-04-08 22:18:11,268 INFO [main] org.apache.nifi.bootstrap.Command NiFi PID [104] shutdown in progress...
2022-04-08 22:18:13,272 INFO [main] org.apache.nifi.bootstrap.Command NiFi PID [104] shutdown completed
2022-04-08 22:18:13,401 INFO [main] org.apache.nifi.bootstrap.RunNiFi Status File no longer exists. Will not restart NiFi
2022-04-08 22:18:35,283 INFO [main] o.a.n.b.NotificationServiceManager Successfully loaded the following 0 services: []
2022-04-08 22:18:35,286 INFO [main] org.apache.nifi.bootstrap.RunNiFi Registered no Notification Services for Notification Type NIFI_STARTED
2022-04-08 22:18:35,286 INFO [main] org.apache.nifi.bootstrap.RunNiFi Registered no Notification Services for Notification Type NIFI_STOPPED
2022-04-08 22:18:35,286 INFO [main] org.apache.nifi.bootstrap.RunNiFi Registered no Notification Services for Notification Type NIFI_DIED
2022-04-08 22:18:35,290 INFO [main] org.apache.nifi.bootstrap.RunNiFi Runtime Java version: 1.8.0_322
2022-04-08 22:18:35,316 INFO [main] org.apache.nifi.bootstrap.Command Generating Self-Signed Certificate: Expires on 2022-06-07
2022-04-08 22:18:37,744 INFO [main] org.apache.nifi.bootstrap.Command Generated Self-Signed Certificate SHA-256: 7984F0856CC011ECCE93185EDC97E76EC818DEEFB920BCD1AF278F47FC1F10E0
2022-04-08 22:18:37,752 INFO [main] org.apache.nifi.bootstrap.Command Starting Apache NiFi...
2022-04-08 22:18:37,760 INFO [main] org.apache.nifi.bootstrap.Command Working Directory: /opt/nifi/nifi-current
2022-04-08 22:18:37,760 INFO [main] org.apache.nifi.bootstrap.Command Command: /usr/local/openjdk-8/bin/java -classpath /opt/nifi/nifi-current/./conf:/opt/nifi/nifi-current/./lib/nifi-framework-api-1.16.0.jar:/opt/nifi/nifi-current/./lib/jcl-over-slf4j-1.7.36.jar:/opt/nifi/nifi-current/./lib/slf4j-api-1.7.36.jar:/opt/nifi/nifi-current/./lib/nifi-api-1.16.0.jar:/opt/nifi/nifi-current/./lib/nifi-runtime-1.16.0.jar:/opt/nifi/nifi-current/./lib/nifi-stateless-api-1.16.0.jar:/opt/nifi/nifi-current/./lib/nifi-properties-1.16.0.jar:/opt/nifi/nifi-current/./lib/nifi-server-api-1.16.0.jar:/opt/nifi/nifi-current/./lib/jetty-schemas-5.2.jar:/opt/nifi/nifi-current/./lib/javax.servlet-api-3.1.0.jar:/opt/nifi/nifi-current/./lib/logback-core-1.2.11.jar:/opt/nifi/nifi-current/./lib/jul-to-slf4j-1.7.36.jar:/opt/nifi/nifi-current/./lib/nifi-property-utils-1.16.0.jar:/opt/nifi/nifi-current/./lib/logback-classic-1.2.11.jar:/opt/nifi/nifi-current/./lib/nifi-nar-utils-1.16.0.jar:/opt/nifi/nifi-current/./lib/log4j-over-slf4j-1.7.36.jar:/opt/nifi/nifi-current/./lib/nifi-stateless-bootstrap-1.16.0.jar:/opt/nifi/nifi-current/./lib/postgresql-42.3.3.jar -Dorg.apache.jasper.compiler.disablejsr199=true -Xmx512m -Xms512m -Dcurator-log-only-first-connection-issue-as-error-level=true -Djavax.security.auth.useSubjectCredsOnly=true -Djava.security.egd=file:/dev/urandom -Dzookeeper.admin.enableServer=false -Dsun.net.http.allowRestrictedHeaders=true -Djava.net.preferIPv4Stack=true -Djava.awt.headless=true -Djava.protocol.handler.pkgs=sun.net.www.protocol -Dnifi.properties.file.path=/opt/nifi/nifi-current/./conf/nifi.properties -Dnifi.bootstrap.listen.port=42873 -Dapp=NiFi -Dorg.apache.nifi.bootstrap.config.log.dir=/opt/nifi/nifi-current/logs org.apache.nifi.NiFi 
2022-04-08 22:18:37,794 INFO [main] org.apache.nifi.bootstrap.Command Launched Apache NiFi with Process ID 103
2022-04-08 22:18:38,785 INFO [NiFi Bootstrap Command Listener] org.apache.nifi.bootstrap.RunNiFi Apache NiFi now running and listening for Bootstrap requests on port 43199
2022-04-08 22:21:51,390 INFO [main] o.a.n.b.NotificationServiceManager Successfully loaded the following 0 services: []
2022-04-08 22:21:51,393 INFO [main] org.apache.nifi.bootstrap.RunNiFi Registered no Notification Services for Notification Type NIFI_STARTED
2022-04-08 22:21:51,393 INFO [main] org.apache.nifi.bootstrap.RunNiFi Registered no Notification Services for Notification Type NIFI_STOPPED
2022-04-08 22:21:51,394 INFO [main] org.apache.nifi.bootstrap.RunNiFi Registered no Notification Services for Notification Type NIFI_DIED
2022-04-08 22:21:51,403 INFO [main] org.apache.nifi.bootstrap.Command Apache NiFi has accepted the Shutdown Command and is shutting down now
2022-04-08 22:21:51,411 INFO [main] org.apache.nifi.bootstrap.Command NiFi PID [103] shutdown in progress...
2022-04-08 22:21:53,414 INFO [main] org.apache.nifi.bootstrap.Command NiFi PID [103] shutdown completed
2022-04-08 22:21:53,829 INFO [main] org.apache.nifi.bootstrap.RunNiFi Status File no longer exists. Will not restart NiFi
2022-04-08 22:24:22,826 INFO [main] o.a.n.b.NotificationServiceManager Successfully loaded the following 0 services: []
2022-04-08 22:24:22,829 INFO [main] org.apache.nifi.bootstrap.RunNiFi Registered no Notification Services for Notification Type NIFI_STARTED
2022-04-08 22:24:22,829 INFO [main] org.apache.nifi.bootstrap.RunNiFi Registered no Notification Services for Notification Type NIFI_STOPPED
2022-04-08 22:24:22,829 INFO [main] org.apache.nifi.bootstrap.RunNiFi Registered no Notification Services for Notification Type NIFI_DIED
2022-04-08 22:24:22,833 INFO [main] org.apache.nifi.bootstrap.RunNiFi Runtime Java version: 1.8.0_322
2022-04-08 22:24:22,862 INFO [main] org.apache.nifi.bootstrap.Command Generating Self-Signed Certificate: Expires on 2022-06-07
2022-04-08 22:24:25,096 INFO [main] org.apache.nifi.bootstrap.Command Generated Self-Signed Certificate SHA-256: 667226CA94960DB002257E79F4430751CB6AF585A8B4B3EDAA0548D7D7E4272D
2022-04-08 22:24:25,108 INFO [main] org.apache.nifi.bootstrap.Command Starting Apache NiFi...
2022-04-08 22:24:25,109 INFO [main] org.apache.nifi.bootstrap.Command Working Directory: /opt/nifi/nifi-current
2022-04-08 22:24:25,109 INFO [main] org.apache.nifi.bootstrap.Command Command: /usr/local/openjdk-8/bin/java -classpath /opt/nifi/nifi-current/./conf:/opt/nifi/nifi-current/./lib/nifi-framework-api-1.16.0.jar:/opt/nifi/nifi-current/./lib/jcl-over-slf4j-1.7.36.jar:/opt/nifi/nifi-current/./lib/slf4j-api-1.7.36.jar:/opt/nifi/nifi-current/./lib/nifi-api-1.16.0.jar:/opt/nifi/nifi-current/./lib/nifi-runtime-1.16.0.jar:/opt/nifi/nifi-current/./lib/nifi-stateless-api-1.16.0.jar:/opt/nifi/nifi-current/./lib/nifi-properties-1.16.0.jar:/opt/nifi/nifi-current/./lib/nifi-server-api-1.16.0.jar:/opt/nifi/nifi-current/./lib/jetty-schemas-5.2.jar:/opt/nifi/nifi-current/./lib/javax.servlet-api-3.1.0.jar:/opt/nifi/nifi-current/./lib/logback-core-1.2.11.jar:/opt/nifi/nifi-current/./lib/jul-to-slf4j-1.7.36.jar:/opt/nifi/nifi-current/./lib/nifi-property-utils-1.16.0.jar:/opt/nifi/nifi-current/./lib/logback-classic-1.2.11.jar:/opt/nifi/nifi-current/./lib/nifi-nar-utils-1.16.0.jar:/opt/nifi/nifi-current/./lib/log4j-over-slf4j-1.7.36.jar:/opt/nifi/nifi-current/./lib/nifi-stateless-bootstrap-1.16.0.jar:/opt/nifi/nifi-current/./lib/postgresql-42.3.3.jar -Dorg.apache.jasper.compiler.disablejsr199=true -Xmx512m -Xms512m -Dcurator-log-only-first-connection-issue-as-error-level=true -Djavax.security.auth.useSubjectCredsOnly=true -Djava.security.egd=file:/dev/urandom -Dzookeeper.admin.enableServer=false -Dsun.net.http.allowRestrictedHeaders=true -Djava.net.preferIPv4Stack=true -Djava.awt.headless=true -Djava.protocol.handler.pkgs=sun.net.www.protocol -Dnifi.properties.file.path=/opt/nifi/nifi-current/./conf/nifi.properties -Dnifi.bootstrap.listen.port=33889 -Dapp=NiFi -Dorg.apache.nifi.bootstrap.config.log.dir=/opt/nifi/nifi-current/logs org.apache.nifi.NiFi 
2022-04-08 22:24:25,152 INFO [main] org.apache.nifi.bootstrap.Command Launched Apache NiFi with Process ID 103
2022-04-08 22:24:25,927 INFO [NiFi Bootstrap Command Listener] org.apache.nifi.bootstrap.RunNiFi Apache NiFi now running and listening for Bootstrap requests on port 35991
2022-04-08 22:33:38,159 INFO [main] o.a.n.b.NotificationServiceManager Successfully loaded the following 0 services: []
2022-04-08 22:33:38,162 INFO [main] org.apache.nifi.bootstrap.RunNiFi Registered no Notification Services for Notification Type NIFI_STARTED
2022-04-08 22:33:38,162 INFO [main] org.apache.nifi.bootstrap.RunNiFi Registered no Notification Services for Notification Type NIFI_STOPPED
2022-04-08 22:33:38,162 INFO [main] org.apache.nifi.bootstrap.RunNiFi Registered no Notification Services for Notification Type NIFI_DIED
2022-04-08 22:33:38,170 INFO [main] org.apache.nifi.bootstrap.Command Apache NiFi has accepted the Shutdown Command and is shutting down now
2022-04-08 22:33:38,180 INFO [main] org.apache.nifi.bootstrap.Command NiFi PID [103] shutdown in progress...
2022-04-08 22:33:40,182 INFO [main] org.apache.nifi.bootstrap.Command NiFi PID [103] shutdown completed
2022-04-08 22:33:40,233 INFO [main] org.apache.nifi.bootstrap.RunNiFi Status File no longer exists. Will not restart NiFi
2022-04-08 22:34:01,820 INFO [main] o.a.n.b.NotificationServiceManager Successfully loaded the following 0 services: []
2022-04-08 22:34:01,824 INFO [main] org.apache.nifi.bootstrap.RunNiFi Registered no Notification Services for Notification Type NIFI_STARTED
2022-04-08 22:34:01,824 INFO [main] org.apache.nifi.bootstrap.RunNiFi Registered no Notification Services for Notification Type NIFI_STOPPED
2022-04-08 22:34:01,824 INFO [main] org.apache.nifi.bootstrap.RunNiFi Registered no Notification Services for Notification Type NIFI_DIED
2022-04-08 22:34:01,827 INFO [main] org.apache.nifi.bootstrap.RunNiFi Runtime Java version: 1.8.0_322
2022-04-08 22:34:01,853 INFO [main] org.apache.nifi.bootstrap.Command Generating Self-Signed Certificate: Expires on 2022-06-07
2022-04-08 22:34:04,567 INFO [main] org.apache.nifi.bootstrap.Command Generated Self-Signed Certificate SHA-256: F9CE63899BF7CEF118EE511D41E33136228B7F61ED4698D9D3AB015686492DCA
2022-04-08 22:34:04,577 INFO [main] org.apache.nifi.bootstrap.Command Starting Apache NiFi...
2022-04-08 22:34:04,578 INFO [main] org.apache.nifi.bootstrap.Command Working Directory: /opt/nifi/nifi-current
2022-04-08 22:34:04,578 INFO [main] org.apache.nifi.bootstrap.Command Command: /usr/local/openjdk-8/bin/java -classpath /opt/nifi/nifi-current/./conf:/opt/nifi/nifi-current/./lib/nifi-framework-api-1.16.0.jar:/opt/nifi/nifi-current/./lib/jcl-over-slf4j-1.7.36.jar:/opt/nifi/nifi-current/./lib/slf4j-api-1.7.36.jar:/opt/nifi/nifi-current/./lib/nifi-api-1.16.0.jar:/opt/nifi/nifi-current/./lib/nifi-runtime-1.16.0.jar:/opt/nifi/nifi-current/./lib/nifi-stateless-api-1.16.0.jar:/opt/nifi/nifi-current/./lib/nifi-properties-1.16.0.jar:/opt/nifi/nifi-current/./lib/nifi-server-api-1.16.0.jar:/opt/nifi/nifi-current/./lib/jetty-schemas-5.2.jar:/opt/nifi/nifi-current/./lib/javax.servlet-api-3.1.0.jar:/opt/nifi/nifi-current/./lib/logback-core-1.2.11.jar:/opt/nifi/nifi-current/./lib/jul-to-slf4j-1.7.36.jar:/opt/nifi/nifi-current/./lib/nifi-property-utils-1.16.0.jar:/opt/nifi/nifi-current/./lib/logback-classic-1.2.11.jar:/opt/nifi/nifi-current/./lib/nifi-nar-utils-1.16.0.jar:/opt/nifi/nifi-current/./lib/log4j-over-slf4j-1.7.36.jar:/opt/nifi/nifi-current/./lib/nifi-stateless-bootstrap-1.16.0.jar:/opt/nifi/nifi-current/./lib/postgresql-42.3.3.jar -Dorg.apache.jasper.compiler.disablejsr199=true -Xmx512m -Xms512m -Dcurator-log-only-first-connection-issue-as-error-level=true -Djavax.security.auth.useSubjectCredsOnly=true -Djava.security.egd=file:/dev/urandom -Dzookeeper.admin.enableServer=false -Dsun.net.http.allowRestrictedHeaders=true -Djava.net.preferIPv4Stack=true -Djava.awt.headless=true -Djava.protocol.handler.pkgs=sun.net.www.protocol -Dnifi.properties.file.path=/opt/nifi/nifi-current/./conf/nifi.properties -Dnifi.bootstrap.listen.port=41095 -Dapp=NiFi -Dorg.apache.nifi.bootstrap.config.log.dir=/opt/nifi/nifi-current/logs org.apache.nifi.NiFi 
2022-04-08 22:34:04,611 INFO [main] org.apache.nifi.bootstrap.Command Launched Apache NiFi with Process ID 103
2022-04-08 22:34:05,499 INFO [NiFi Bootstrap Command Listener] org.apache.nifi.bootstrap.RunNiFi Apache NiFi now running and listening for Bootstrap requests on port 40809
2022-04-08 22:35:25,593 INFO [main] o.a.n.b.NotificationServiceManager Successfully loaded the following 0 services: []
2022-04-08 22:35:25,595 INFO [main] org.apache.nifi.bootstrap.RunNiFi Registered no Notification Services for Notification Type NIFI_STARTED
2022-04-08 22:35:25,596 INFO [main] org.apache.nifi.bootstrap.RunNiFi Registered no Notification Services for Notification Type NIFI_STOPPED
2022-04-08 22:35:25,596 INFO [main] org.apache.nifi.bootstrap.RunNiFi Registered no Notification Services for Notification Type NIFI_DIED
2022-04-08 22:35:25,604 INFO [main] org.apache.nifi.bootstrap.Command Apache NiFi has accepted the Shutdown Command and is shutting down now
2022-04-08 22:35:25,611 INFO [main] org.apache.nifi.bootstrap.Command NiFi PID [103] shutdown in progress...
2022-04-08 22:35:27,615 INFO [main] org.apache.nifi.bootstrap.Command NiFi PID [103] shutdown completed
2022-04-08 22:35:27,637 INFO [main] org.apache.nifi.bootstrap.RunNiFi Status File no longer exists. Will not restart NiFi
2022-04-08 22:35:46,258 INFO [main] o.a.n.b.NotificationServiceManager Successfully loaded the following 0 services: []
2022-04-08 22:35:46,263 INFO [main] org.apache.nifi.bootstrap.RunNiFi Registered no Notification Services for Notification Type NIFI_STARTED
2022-04-08 22:35:46,263 INFO [main] org.apache.nifi.bootstrap.RunNiFi Registered no Notification Services for Notification Type NIFI_STOPPED
2022-04-08 22:35:46,263 INFO [main] org.apache.nifi.bootstrap.RunNiFi Registered no Notification Services for Notification Type NIFI_DIED
2022-04-08 22:35:46,268 INFO [main] org.apache.nifi.bootstrap.RunNiFi Runtime Java version: 1.8.0_322
2022-04-08 22:35:46,297 INFO [main] org.apache.nifi.bootstrap.Command Starting Apache NiFi...
2022-04-08 22:35:46,302 INFO [main] org.apache.nifi.bootstrap.Command Working Directory: /opt/nifi/nifi-current
2022-04-08 22:35:46,302 INFO [main] org.apache.nifi.bootstrap.Command Command: /usr/local/openjdk-8/bin/java -classpath /opt/nifi/nifi-current/./conf:/opt/nifi/nifi-current/./lib/nifi-framework-api-1.16.0.jar:/opt/nifi/nifi-current/./lib/jcl-over-slf4j-1.7.36.jar:/opt/nifi/nifi-current/./lib/slf4j-api-1.7.36.jar:/opt/nifi/nifi-current/./lib/nifi-api-1.16.0.jar:/opt/nifi/nifi-current/./lib/nifi-runtime-1.16.0.jar:/opt/nifi/nifi-current/./lib/nifi-stateless-api-1.16.0.jar:/opt/nifi/nifi-current/./lib/nifi-properties-1.16.0.jar:/opt/nifi/nifi-current/./lib/nifi-server-api-1.16.0.jar:/opt/nifi/nifi-current/./lib/jetty-schemas-5.2.jar:/opt/nifi/nifi-current/./lib/javax.servlet-api-3.1.0.jar:/opt/nifi/nifi-current/./lib/logback-core-1.2.11.jar:/opt/nifi/nifi-current/./lib/jul-to-slf4j-1.7.36.jar:/opt/nifi/nifi-current/./lib/nifi-property-utils-1.16.0.jar:/opt/nifi/nifi-current/./lib/logback-classic-1.2.11.jar:/opt/nifi/nifi-current/./lib/nifi-nar-utils-1.16.0.jar:/opt/nifi/nifi-current/./lib/log4j-over-slf4j-1.7.36.jar:/opt/nifi/nifi-current/./lib/nifi-stateless-bootstrap-1.16.0.jar:/opt/nifi/nifi-current/./lib/postgresql-42.3.3.jar -Dorg.apache.jasper.compiler.disablejsr199=true -Xmx512m -Xms512m -Dcurator-log-only-first-connection-issue-as-error-level=true -Djavax.security.auth.useSubjectCredsOnly=true -Djava.security.egd=file:/dev/urandom -Dzookeeper.admin.enableServer=false -Dsun.net.http.allowRestrictedHeaders=true -Djava.net.preferIPv4Stack=true -Djava.awt.headless=true -Djava.protocol.handler.pkgs=sun.net.www.protocol -Dnifi.properties.file.path=/opt/nifi/nifi-current/./conf/nifi.properties -Dnifi.bootstrap.listen.port=37947 -Dapp=NiFi -Dorg.apache.nifi.bootstrap.config.log.dir=/opt/nifi/nifi-current/logs org.apache.nifi.NiFi 
2022-04-08 22:35:46,352 INFO [main] org.apache.nifi.bootstrap.Command Launched Apache NiFi with Process ID 103
2022-04-08 22:35:47,292 INFO [NiFi Bootstrap Command Listener] org.apache.nifi.bootstrap.RunNiFi Apache NiFi now running and listening for Bootstrap requests on port 38517
2022-04-08 22:36:37,737 INFO [main] o.a.n.b.NotificationServiceManager Successfully loaded the following 0 services: []
2022-04-08 22:36:37,740 INFO [main] org.apache.nifi.bootstrap.RunNiFi Registered no Notification Services for Notification Type NIFI_STARTED
2022-04-08 22:36:37,740 INFO [main] org.apache.nifi.bootstrap.RunNiFi Registered no Notification Services for Notification Type NIFI_STOPPED
2022-04-08 22:36:37,740 INFO [main] org.apache.nifi.bootstrap.RunNiFi Registered no Notification Services for Notification Type NIFI_DIED
2022-04-08 22:36:37,750 INFO [main] org.apache.nifi.bootstrap.Command Apache NiFi has accepted the Shutdown Command and is shutting down now
2022-04-08 22:36:37,755 INFO [main] org.apache.nifi.bootstrap.Command NiFi PID [103] shutdown in progress...
2022-04-08 22:36:39,760 INFO [main] org.apache.nifi.bootstrap.Command NiFi PID [103] shutdown in progress...
2022-04-08 22:36:40,369 INFO [main] org.apache.nifi.bootstrap.RunNiFi A shutdown was initiated. Will not restart NiFi
2022-04-08 22:36:41,765 INFO [main] org.apache.nifi.bootstrap.Command NiFi PID [103] shutdown completed
2022-04-08 22:41:35,875 INFO [main] o.a.n.b.NotificationServiceManager Successfully loaded the following 0 services: []
2022-04-08 22:41:35,877 INFO [main] org.apache.nifi.bootstrap.RunNiFi Registered no Notification Services for Notification Type NIFI_STARTED
2022-04-08 22:41:35,877 INFO [main] org.apache.nifi.bootstrap.RunNiFi Registered no Notification Services for Notification Type NIFI_STOPPED
2022-04-08 22:41:35,877 INFO [main] org.apache.nifi.bootstrap.RunNiFi Registered no Notification Services for Notification Type NIFI_DIED
2022-04-08 22:41:35,880 INFO [main] org.apache.nifi.bootstrap.RunNiFi Runtime Java version: 1.8.0_322
2022-04-08 22:41:35,896 INFO [main] org.apache.nifi.bootstrap.Command Starting Apache NiFi...
2022-04-08 22:41:35,897 INFO [main] org.apache.nifi.bootstrap.Command Working Directory: /opt/nifi/nifi-current
2022-04-08 22:41:35,898 INFO [main] org.apache.nifi.bootstrap.Command Command: /usr/local/openjdk-8/bin/java -classpath /opt/nifi/nifi-current/./conf:/opt/nifi/nifi-current/./lib/nifi-framework-api-1.16.0.jar:/opt/nifi/nifi-current/./lib/jcl-over-slf4j-1.7.36.jar:/opt/nifi/nifi-current/./lib/slf4j-api-1.7.36.jar:/opt/nifi/nifi-current/./lib/nifi-api-1.16.0.jar:/opt/nifi/nifi-current/./lib/nifi-runtime-1.16.0.jar:/opt/nifi/nifi-current/./lib/nifi-stateless-api-1.16.0.jar:/opt/nifi/nifi-current/./lib/nifi-properties-1.16.0.jar:/opt/nifi/nifi-current/./lib/nifi-server-api-1.16.0.jar:/opt/nifi/nifi-current/./lib/jetty-schemas-5.2.jar:/opt/nifi/nifi-current/./lib/javax.servlet-api-3.1.0.jar:/opt/nifi/nifi-current/./lib/logback-core-1.2.11.jar:/opt/nifi/nifi-current/./lib/jul-to-slf4j-1.7.36.jar:/opt/nifi/nifi-current/./lib/nifi-property-utils-1.16.0.jar:/opt/nifi/nifi-current/./lib/logback-classic-1.2.11.jar:/opt/nifi/nifi-current/./lib/nifi-nar-utils-1.16.0.jar:/opt/nifi/nifi-current/./lib/log4j-over-slf4j-1.7.36.jar:/opt/nifi/nifi-current/./lib/nifi-stateless-bootstrap-1.16.0.jar:/opt/nifi/nifi-current/./lib/postgresql-42.3.3.jar -Dorg.apache.jasper.compiler.disablejsr199=true -Xmx512m -Xms512m -Dcurator-log-only-first-connection-issue-as-error-level=true -Djavax.security.auth.useSubjectCredsOnly=true -Djava.security.egd=file:/dev/urandom -Dzookeeper.admin.enableServer=false -Dsun.net.http.allowRestrictedHeaders=true -Djava.net.preferIPv4Stack=true -Djava.awt.headless=true -Djava.protocol.handler.pkgs=sun.net.www.protocol -Dnifi.properties.file.path=/opt/nifi/nifi-current/./conf/nifi.properties -Dnifi.bootstrap.listen.port=43947 -Dapp=NiFi -Dorg.apache.nifi.bootstrap.config.log.dir=/opt/nifi/nifi-current/logs org.apache.nifi.NiFi 
2022-04-08 22:41:35,941 INFO [main] org.apache.nifi.bootstrap.Command Launched Apache NiFi with Process ID 103
2022-04-08 22:41:36,910 INFO [NiFi Bootstrap Command Listener] org.apache.nifi.bootstrap.RunNiFi Apache NiFi now running and listening for Bootstrap requests on port 40961
2022-04-08 22:42:22,091 INFO [main] o.a.n.b.NotificationServiceManager Successfully loaded the following 0 services: []
2022-04-08 22:42:22,093 INFO [main] org.apache.nifi.bootstrap.RunNiFi Registered no Notification Services for Notification Type NIFI_STARTED
2022-04-08 22:42:22,093 INFO [main] org.apache.nifi.bootstrap.RunNiFi Registered no Notification Services for Notification Type NIFI_STOPPED
2022-04-08 22:42:22,093 INFO [main] org.apache.nifi.bootstrap.RunNiFi Registered no Notification Services for Notification Type NIFI_DIED
2022-04-08 22:42:22,100 INFO [main] org.apache.nifi.bootstrap.Command Apache NiFi has accepted the Shutdown Command and is shutting down now
2022-04-08 22:42:22,106 INFO [main] org.apache.nifi.bootstrap.Command NiFi PID [103] shutdown in progress...
2022-04-08 22:42:24,108 INFO [main] org.apache.nifi.bootstrap.Command NiFi PID [103] shutdown in progress...
2022-04-08 22:42:24,958 INFO [main] org.apache.nifi.bootstrap.RunNiFi A shutdown was initiated. Will not restart NiFi
2022-04-08 22:42:26,110 INFO [main] org.apache.nifi.bootstrap.Command NiFi PID [103] shutdown completed
